This is LuaTeX, Version 1.10.0 (TeX Live 2019/Debian)  (format=luatex 2022.3.15)  15 MAR 2022 12:18
 restricted system commands enabled.
**t1.tex
(./t1.tex
! Undefined control sequence.
l.1 \documentclass
                {article}
? 
! Interruption.
<to be read again> 
{
l.1 \documentclass{
                 article}
? 
! Undefined control sequence.
l.3 \begin
        {document}
? 
! Interruption.
<to be read again> 
{
l.3 \begin{
         document}
? 
[1{/var/lib/texmf/fonts/map/pdftex/updmap/pdftex.map}])</usr/share/texlive/texmf
-dist/fonts/type1/public/amsfonts/cm/cmr10.pfb>
Output written on t1.pdf (1 page, 15202 bytes).

PDF statistics: 12 PDF objects out of 1000 (max. 8388607)
 7 compressed objects within 1 object stream
 0 named destinations out of 1000 (max. 131072)
 1 words of extra memory for PDF output out of 10000 (max. 100000000)

